<?xml version="1.0" encoding="utf-8"?><testsuites><testsuite name="pytest" errors="0" failures="0" skipped="0" tests="1" time="0.249" timestamp="2021-06-04T07:53:28.739213" hostname="docker"><testcase classname="service4.tests.test_service4.TestResponse" name="test_get_animal" time="0.023" /></testsuite></testsuites>