<?xml version="1.0" encoding="utf-8"?><testsuites><testsuite name="pytest" errors="0" failures="0" skipped="0" tests="1" time="0.403" timestamp="2021-06-02T14:53:28.120128" hostname="docker"><testcase classname="tests.test_service3.TestResponse" name="test_get_number" time="0.038" /></testsuite></testsuites>